rm -f src/*.o *~ Makefile.bak sort
gcc  -o sort -O3 -Wall -Wextra -fno-omit-frame-pointer -g -I/share/apps/papi/5.4.1/include -L/share/apps/papi/5.4.1/lib src/sort.c -fopenmp -lm -lpapi 
/var/spool/slurmd/job154172/slurm_script: line 14: 10288 Segmentation fault      ./sort 10000000 1000000

Setting up PAPI...done!
This system has 11 available counters.


N: 10000000, M: 100, W: 100000

Wall clock time: 31443113 usecs
PAPI_TOT_CYC = 31044595856
PAPI_TOT_INS = 62052456340
PAPI_L1_DCM = 327689927
PAPI_L2_DCM = 18191660
CPI = 0.50

That's all, folks

Setting up PAPI...done!
This system has 11 available counters.


N: 10000000, M: 1000, W: 10000

Wall clock time: 3231900 usecs
PAPI_TOT_CYC = 5144206774
PAPI_TOT_INS = 9442883463
PAPI_L1_DCM = 119626736
PAPI_L2_DCM = 45528541
CPI = 0.54

That's all, folks
